<?xml version="1.0" encoding="UTF-8"?>
<!-- Generated by org.testng.reporters.JUnitReportReporter -->
<testsuite hostname="prasannakumar" failures="0" tests="1" name="com.seleniums.tests.selenium.EcapSearchTest" time="10.209" errors="0" timestamp="2025-07-11T12:08:31 IST" skipped="0">
  <testcase classname="com.seleniums.tests.selenium.EcapSearchTest" name="testEcap" time="10.209"/>
</testsuite> <!-- com.seleniums.tests.selenium.EcapSearchTest -->
