<?xml version="1.0" encoding="UTF-8"?>
<!-- Generated by org.testng.reporters.JUnitReportReporter -->
<testsuite hostname="prasannakumar" failures="0" tests="1" name="com.seleniums.tests.selenium.EcapSearchTest" time="6.224" errors="0" timestamp="2025-07-10T11:51:23 IST" skipped="0">
  <testcase classname="com.seleniums.tests.selenium.EcapSearchTest" name="testEcap" time="6.224"/>
</testsuite> <!-- com.seleniums.tests.selenium.EcapSearchTest -->
