<?xml version="1.0" encoding="UTF-8"?>
<!-- Generated by org.testng.reporters.JUnitReportReporter -->
<testsuite hostname="prasannakumar" failures="0" tests="3" name="com.seleniums.tests.selenium.SauceDemoTest" time="28.144" errors="0" timestamp="2025-07-10T21:50:46 IST" skipped="0">
  <testcase classname="com.seleniums.tests.selenium.SauceDemoTest" name="openSauceDemo" time="12.366"/>
  <testcase classname="com.seleniums.tests.selenium.SauceDemoTest" name="openSauceDemo" time="7.767"/>
  <testcase classname="com.seleniums.tests.selenium.SauceDemoTest" name="openSauceDemo" time="8.011"/>
</testsuite> <!-- com.seleniums.tests.selenium.SauceDemoTest -->
