<?xml version="1.0" encoding="UTF-8"?>
<!-- Generated by org.testng.reporters.JUnitReportReporter -->
<testsuite hostname="prasannakumar" failures="0" tests="1" name="com.seleniums.tests.selenium.EcapSearchTest" time="5.433" errors="0" timestamp="2025-07-11T00:25:40 IST" skipped="0">
  <testcase classname="com.seleniums.tests.selenium.EcapSearchTest" name="testEcap" time="5.433"/>
</testsuite> <!-- com.seleniums.tests.selenium.EcapSearchTest -->
